<?xml version="1.0" encoding="UTF-8"?>
<testng-results total="1" passed="1" failed="0" skipped="0">
  <reporter-output>
  </reporter-output>
  <suite started-at="2020-05-20T11:40:47Z" name="Default suite" finished-at="2020-05-20T11:40:53Z" duration-ms="5932">
    <groups>
    </groups>
    <test started-at="2020-05-20T11:40:47Z" name="Default test" finished-at="2020-05-20T11:40:53Z" duration-ms="5932">
      <class name="session2.draggerTest">
        <test-method is-config="true" signature="beforeSuite()[pri:0, instance:session2.draggerTest@2ca26d77]" started-at="2020-05-20T06:40:47Z" name="beforeSuite" finished-at="2020-05-20T06:40:47Z" duration-ms="8" status="PASS">
          <reporter-output>
          </reporter-output>
        </test-method> <!-- beforeSuite -->
        <test-method is-config="true" signature="beforeTest()[pri:0, instance:session2.draggerTest@2ca26d77]" started-at="2020-05-20T06:40:47Z" name="beforeTest" finished-at="2020-05-20T06:40:47Z" duration-ms="0" status="PASS">
          <reporter-output>
          </reporter-output>
        </test-method> <!-- beforeTest -->
        <test-method is-config="true" signature="beforeClass()[pri:0, instance:session2.draggerTest@2ca26d77]" started-at="2020-05-20T06:40:47Z" name="beforeClass" finished-at="2020-05-20T06:40:48Z" duration-ms="1481" status="PASS">
          <reporter-output>
          </reporter-output>
        </test-method> <!-- beforeClass -->
        <test-method is-config="true" signature="beforeMethod()[pri:0, instance:session2.draggerTest@2ca26d77]" started-at="2020-05-20T06:40:48Z" name="beforeMethod" finished-at="2020-05-20T06:40:50Z" duration-ms="1563" status="PASS">
          <reporter-output>
          </reporter-output>
        </test-method> <!-- beforeMethod -->
        <test-method signature="testDragDrop()[pri:0, instance:session2.draggerTest@2ca26d77]" started-at="2020-05-20T06:40:50Z" name="testDragDrop" finished-at="2020-05-20T06:40:53Z" duration-ms="2878" status="PASS">
          <reporter-output>
          </reporter-output>
        </test-method> <!-- testDragDrop -->
        <test-method is-config="true" signature="afterClass()[pri:0, instance:session2.draggerTest@2ca26d77]" started-at="2020-05-20T06:40:53Z" name="afterClass" finished-at="2020-05-20T06:40:53Z" duration-ms="0" status="PASS">
          <reporter-output>
          </reporter-output>
        </test-method> <!-- afterClass -->
        <test-method is-config="true" signature="afterMethod()[pri:0, instance:session2.draggerTest@2ca26d77]" started-at="2020-05-20T06:40:53Z" name="afterMethod" finished-at="2020-05-20T06:40:53Z" duration-ms="0" status="PASS">
          <reporter-output>
          </reporter-output>
        </test-method> <!-- afterMethod -->
        <test-method is-config="true" signature="afterTest()[pri:0, instance:session2.draggerTest@2ca26d77]" started-at="2020-05-20T06:40:53Z" name="afterTest" finished-at="2020-05-20T06:40:53Z" duration-ms="1" status="PASS">
          <reporter-output>
          </reporter-output>
        </test-method> <!-- afterTest -->
        <test-method is-config="true" signature="afterSuite()[pri:0, instance:session2.draggerTest@2ca26d77]" started-at="2020-05-20T06:40:53Z" name="afterSuite" finished-at="2020-05-20T06:40:53Z" duration-ms="0" status="PASS">
          <reporter-output>
          </reporter-output>
        </test-method> <!-- afterSuite -->
      </class> <!-- session2.draggerTest -->
    </test> <!-- Default test -->
  </suite> <!-- Default suite -->
</testng-results>
