<?xml version="1.0" encoding="UTF-8"?>
<testng-results total="4" passed="4" failed="0" skipped="0">
  <reporter-output>
  </reporter-output>
  <suite started-at="2020-05-20T12:37:29Z" name="Default suite" finished-at="2020-05-20T12:37:37Z" duration-ms="8650">
    <groups>
    </groups>
    <test started-at="2020-05-20T12:37:29Z" name="Default test" finished-at="2020-05-20T12:37:37Z" duration-ms="8650">
      <class name="session3.ContactTest">
        <test-method is-config="true" signature="beforeClass()[pri:0, instance:session3.ContactTest@2ca26d77]" started-at="2020-05-20T07:37:29Z" name="beforeClass" finished-at="2020-05-20T07:37:31Z" duration-ms="1845" status="PASS">
          <reporter-output>
          </reporter-output>
        </test-method> <!-- beforeClass -->
        <test-method is-config="true" signature="beforeMethod()[pri:0, instance:session3.ContactTest@2ca26d77]" started-at="2020-05-20T07:37:31Z" name="beforeMethod" finished-at="2020-05-20T07:37:32Z" duration-ms="1702" status="PASS">
          <reporter-output>
          </reporter-output>
        </test-method> <!-- beforeMethod -->
        <test-method signature="TestSuccess(java.lang.String, java.lang.String, java.lang.String)[pri:0, instance:session3.ContactTest@2ca26d77]" started-at="2020-05-20T07:37:32Z" name="TestSuccess" data-provider="dpS" finished-at="2020-05-20T07:37:34Z" duration-ms="1266" status="PASS">
          <params>
            <param index="0">
              <value>
                <![CDATA[James]]>
              </value>
            </param>
            <param index="1">
              <value>
                <![CDATA[J@example.com]]>
              </value>
            </param>
            <param index="2">
              <value>
                <![CDATA[23211199228]]>
              </value>
            </param>
          </params>
          <reporter-output>
          </reporter-output>
        </test-method> <!-- TestSuccess -->
        <test-method is-config="true" signature="beforeMethod()[pri:0, instance:session3.ContactTest@2ca26d77]" started-at="2020-05-20T07:37:34Z" name="beforeMethod" finished-at="2020-05-20T07:37:34Z" duration-ms="772" status="PASS">
          <reporter-output>
          </reporter-output>
        </test-method> <!-- beforeMethod -->
        <test-method is-config="true" signature="afterMethod()[pri:0, instance:session3.ContactTest@2ca26d77]" started-at="2020-05-20T07:37:34Z" name="afterMethod" finished-at="2020-05-20T07:37:34Z" duration-ms="0" status="PASS">
          <reporter-output>
          </reporter-output>
        </test-method> <!-- afterMethod -->
        <test-method signature="TestSuccess(java.lang.String, java.lang.String, java.lang.String)[pri:0, instance:session3.ContactTest@2ca26d77]" started-at="2020-05-20T07:37:34Z" name="TestSuccess" data-provider="dpS" finished-at="2020-05-20T07:37:35Z" duration-ms="820" status="PASS">
          <params>
            <param index="0">
              <value>
                <![CDATA[Siobhan]]>
              </value>
            </param>
            <param index="1">
              <value>
                <![CDATA[Siobee@example.com]]>
              </value>
            </param>
            <param index="2">
              <value>
                <![CDATA[8927183928]]>
              </value>
            </param>
          </params>
          <reporter-output>
          </reporter-output>
        </test-method> <!-- TestSuccess -->
        <test-method is-config="true" signature="afterMethod()[pri:0, instance:session3.ContactTest@2ca26d77]" started-at="2020-05-20T07:37:35Z" name="afterMethod" finished-at="2020-05-20T07:37:35Z" duration-ms="0" status="PASS">
          <reporter-output>
          </reporter-output>
        </test-method> <!-- afterMethod -->
        <test-method is-config="true" signature="beforeMethod()[pri:0, instance:session3.ContactTest@2ca26d77]" started-at="2020-05-20T07:37:35Z" name="beforeMethod" finished-at="2020-05-20T07:37:36Z" duration-ms="693" status="PASS">
          <reporter-output>
          </reporter-output>
        </test-method> <!-- beforeMethod -->
        <test-method signature="testEmailFail(java.lang.String, java.lang.String, java.lang.String, java.lang.String)[pri:0, instance:session3.ContactTest@2ca26d77]" started-at="2020-05-20T07:37:36Z" name="testEmailFail" data-provider="dpF" finished-at="2020-05-20T07:37:36Z" duration-ms="304" status="PASS">
          <params>
            <param index="0">
              <value>
                <![CDATA[James]]>
              </value>
            </param>
            <param index="1">
              <value>
                <![CDATA[J@example]]>
              </value>
            </param>
            <param index="2">
              <value>
                <![CDATA[23211199228]]>
              </value>
            </param>
            <param index="3">
              <value>
                <![CDATA[Invalid email address]]>
              </value>
            </param>
          </params>
          <reporter-output>
          </reporter-output>
        </test-method> <!-- testEmailFail -->
        <test-method is-config="true" signature="afterMethod()[pri:0, instance:session3.ContactTest@2ca26d77]" started-at="2020-05-20T07:37:36Z" name="afterMethod" finished-at="2020-05-20T07:37:36Z" duration-ms="1" status="PASS">
          <reporter-output>
          </reporter-output>
        </test-method> <!-- afterMethod -->
        <test-method is-config="true" signature="beforeMethod()[pri:0, instance:session3.ContactTest@2ca26d77]" started-at="2020-05-20T07:37:36Z" name="beforeMethod" finished-at="2020-05-20T07:37:37Z" duration-ms="726" status="PASS">
          <reporter-output>
          </reporter-output>
        </test-method> <!-- beforeMethod -->
        <test-method signature="testEmailFail(java.lang.String, java.lang.String, java.lang.String, java.lang.String)[pri:0, instance:session3.ContactTest@2ca26d77]" started-at="2020-05-20T07:37:37Z" name="testEmailFail" data-provider="dpF" finished-at="2020-05-20T07:37:37Z" duration-ms="343" status="PASS">
          <params>
            <param index="0">
              <value>
                <![CDATA[Siobhan]]>
              </value>
            </param>
            <param index="1">
              <value>
                <![CDATA[]]>
              </value>
            </param>
            <param index="2">
              <value>
                <![CDATA[87192737121]]>
              </value>
            </param>
            <param index="3">
              <value>
                <![CDATA[This field is required]]>
              </value>
            </param>
          </params>
          <reporter-output>
          </reporter-output>
        </test-method> <!-- testEmailFail -->
        <test-method is-config="true" signature="afterMethod()[pri:0, instance:session3.ContactTest@2ca26d77]" started-at="2020-05-20T07:37:37Z" name="afterMethod" finished-at="2020-05-20T07:37:37Z" duration-ms="0" status="PASS">
          <reporter-output>
          </reporter-output>
        </test-method> <!-- afterMethod -->
        <test-method is-config="true" signature="afterClass()[pri:0, instance:session3.ContactTest@2ca26d77]" started-at="2020-05-20T07:37:37Z" name="afterClass" finished-at="2020-05-20T07:37:37Z" duration-ms="161" status="PASS">
          <reporter-output>
          </reporter-output>
        </test-method> <!-- afterClass -->
      </class> <!-- session3.ContactTest -->
    </test> <!-- Default test -->
  </suite> <!-- Default suite -->
</testng-results>
