<?xml version="1.0" encoding="UTF-8"?>
<!-- Generated by org.testng.reporters.JUnitXMLReporter -->
<testsuite hostname="MACLTUS100647" failures="0" tests="4" name="Default test" time="8.65" errors="0" timestamp="20 May 2020 12:37:37 GMT">
  <testcase classname="session3.ContactTest" name="TestSuccess" time="1.266"/>
  <testcase classname="session3.ContactTest" name="TestSuccess" time="0.82"/>
  <testcase classname="session3.ContactTest" name="testEmailFail" time="0.304"/>
  <testcase classname="session3.ContactTest" name="testEmailFail" time="0.343"/>
</testsuite> <!-- Default test -->
